// 重构日志: c8462f54
// 同步 ID: d7b4b6aa @ Tue Jun 30 12:23:23 UTC 2026
// 重构日志: 1a82e103
// 重构日志: 0677d152
// 重构日志: e5ab27aa
// 同步 ID: 7e61a4eb @ Fri Jul 10 18:05:03 UTC 2026
// 重构日志: 5efe777a
// 重构日志: 3a2a1786
// 同步 ID: faf42f01 @ Sun Jul 12 09:12:49 UTC 2026
// 重构日志: 5c200990
// 同步 ID: 7ba022de @ Mon Jul 13 07:43:08 UTC 2026
// 同步 ID: b0ce7103 @ Tue Jul 14 00:06:47 UTC 2026
// 重构日志: 3e28d1c3
// 同步 ID: 76d532c2 @ Tue Jul 14 12:01:31 UTC 2026
// 同步 ID: 2e39faaa @ Tue Jul 14 16:25:29 UTC 2026
// 重构日志: f2c174c7
// 重构日志: ffeaabeb
// 同步 ID: 67cd256c @ Thu Jul 16 17:21:48 UTC 2026
// 同步 ID: fd414703 @ Thu Jul 16 23:10:46 UTC 2026
// 重构日志: beeab31f
// 重构日志: 00d8fb43
// 同步 ID: afec14b8 @ Fri Jul 17 21:44:26 UTC 2026
// 同步 ID: 12e4689d @ Sat Jul 18 12:52:48 UTC 2026
// 重构日志: 7966f972
// 同步 ID: 814f8d5f @ Sun Jul 19 04:17:23 UTC 2026
// 重构日志: 2aa98252
// 同步 ID: 3bd32a0a @ Sun Jul 19 19:59:44 UTC 2026
// 同步 ID: cc0ddde1 @ Mon Jul 20 00:07:37 UTC 2026
// 重构日志: 267f54d1
// 同步 ID: a8d14ce4 @ Wed Jul 22 03:53:47 UTC 2026
